<?xml version="1.0" encoding="UTF-8"?>
<!-- Generated by org.testng.reporters.JUnitReportReporter -->
<testsuite skipped="0" hostname="wh-chunqingz-01" name="com.quark.mobile.TESTNGTRY2" tests="1" failures="0" timestamp="11 二月 2018 03:23:30 GMT" time="0.001" errors="0">
  <testcase name="meth1" time="0.001" classname="com.quark.mobile.TESTNGTRY2"/>
</testsuite> <!-- com.quark.mobile.TESTNGTRY2 -->
