<?xml version="1.0" encoding="UTF-8"?>
<!-- Generated by org.testng.reporters.JUnitReportReporter -->
<testsuite skipped="0" hostname="wh-chunqingz-01" name="com.quark.mobile.testcase.WebDemo" tests="3" failures="0" timestamp="11 二月 2018 10:15:47 GMT" time="19.035" errors="0">
  <testcase name="openzenTao" time="4.291" classname="com.quark.mobile.testcase.WebDemo"/>
  <testcase name="openzenTao" time="8.266" classname="com.quark.mobile.testcase.WebDemo"/>
  <testcase name="openzenTao" time="6.478" classname="com.quark.mobile.testcase.WebDemo"/>
</testsuite> <!-- com.quark.mobile.testcase.WebDemo -->
