<?xml version="1.0" encoding="UTF-8"?>
<!-- Generated by org.testng.reporters.JUnitReportReporter -->
<testsuite skipped="0" hostname="wh-chunqingz-01" name="com.quark.mobile.testcase.LoginCFG" tests="1" failures="0" timestamp="24 二月 2018 06:38:47 GMT" time="6.194" errors="0">
  <testcase name="loginCFG" time="6.194" classname="com.quark.mobile.testcase.LoginCFG"/>
</testsuite> <!-- com.quark.mobile.testcase.LoginCFG -->
