<?xml version="1.0" encoding="UTF-8"?>
<!-- Generated by org.testng.reporters.JUnitReportReporter -->
<testsuite skipped="0" hostname="wh-chunqingz-01" name="com.quark.mobile.testcase.zhucq.LoginCFG" tests="1" failures="0" timestamp="21 三月 2018 10:12:12 GMT" time="11.551" errors="0">
  <testcase name="loginCFG" time="11.551" classname="com.quark.mobile.testcase.zhucq.LoginCFG"/>
</testsuite> <!-- com.quark.mobile.testcase.zhucq.LoginCFG -->
